<?xml version="1.0" encoding="UTF-8"?>
<!-- Generated by org.testng.reporters.JUnitReportReporter -->
<testsuite skipped="0" hostname="SAHIL-PC" name="scripts.TestCase2" tests="1" failures="0" timestamp="2022-12-27T13:34:12 IST" time="116.874" errors="0">
  <testcase name="tc2" time="116.874" classname="scripts.TestCase2"/>
  <system-out/>
</testsuite> <!-- scripts.TestCase2 -->
