<?xml version="1.0" encoding="UTF-8"?>
<!-- Generated by org.testng.reporters.JUnitReportReporter -->
<testsuite skipped="0" hostname="SAHIL-PC" name="scripts.TestCase2" tests="1" failures="0" timestamp="2023-01-03T09:59:47 IST" time="30.093" errors="0">
  <testcase name="tc2" time="30.093" classname="scripts.TestCase2"/>
  <system-out/>
</testsuite> <!-- scripts.TestCase2 -->
