<?xml version="1.0" encoding="UTF-8"?>
<!-- Generated by org.testng.reporters.JUnitReportReporter -->
<testsuite skipped="0" hostname="SAHIL-PC" name="scripts.TestCase1" tests="1" failures="0" timestamp="2023-01-03T10:10:22 IST" time="42.213" errors="0">
  <testcase name="tc1" time="42.213" classname="scripts.TestCase1"/>
  <system-out/>
</testsuite> <!-- scripts.TestCase1 -->
