<?xml version="1.0" encoding="UTF-8"?>
<!-- Generated by org.testng.reporters.JUnitReportReporter -->
<testsuite skipped="0" hostname="SAHIL-PC" name="scripts.TestCase1" tests="1" failures="0" timestamp="2022-12-27T12:20:53 IST" time="45.907" errors="0">
  <testcase name="tc1" time="45.907" classname="scripts.TestCase1"/>
  <system-out/>
</testsuite> <!-- scripts.TestCase1 -->
