<?xml version="1.0" encoding="UTF-8"?>
<!-- Generated by org.testng.reporters.JUnitReportReporter -->
<testsuite skipped="0" hostname="SAHIL-PC" name="scripts.TestCase3" tests="1" failures="0" timestamp="2023-01-03T09:59:47 IST" time="47.082" errors="0">
  <testcase name="tc3" time="47.082" classname="scripts.TestCase3"/>
  <system-out/>
</testsuite> <!-- scripts.TestCase3 -->
